AndroidStudioStudy/1-TheFirstCode/6_LearnBroadcastReceiver/app/build/intermediates/manifest_merge_blame_file/debug/manifest-merger-blame-debug-report.txt
1<?xml version="1.0" encoding="utf-8"?>
2<manifest xmlns:android="http://schemas.android.com/apk/res/android"
3    package="com.bo.a6_learnbroadcastreceiver"
4    android:versionCode="1"
5    android:versionName="1.0" >
6
7    <uses-sdk
8        android:minSdkVersion="21"
8-->src\main\AndroidManifest.xml
9        android:targetSdkVersion="30" />
9-->src\main\AndroidManifest.xml
10
11    <uses-permission android:name="android.permission.RECEIVE_BOOT_COMPLETED" />
11-->src\main\AndroidManifest.xml:5:5-81
11-->src\main\AndroidManifest.xml:5:22-78
12
13    <application
13-->src\main\AndroidManifest.xml:7:5-70:19
14        android:allowBackup="true"
14-->src\main\AndroidManifest.xml:8:9-35
15        android:appComponentFactory="androidx.core.app.CoreComponentFactory"
15-->[androidx.core:core:1.3.2] AndroidManifest.xml:24:18-86
16        android:debuggable="true"
17        android:icon="@mipmap/ic_launcher"
17-->src\main\AndroidManifest.xml:9:9-43
18        android:label="@string/app_name"
18-->src\main\AndroidManifest.xml:10:9-41
19        android:roundIcon="@mipmap/ic_launcher_round"
19-->src\main\AndroidManifest.xml:11:9-54
20        android:supportsRtl="true"
20-->src\main\AndroidManifest.xml:12:9-35
21        android:testOnly="true"
22        android:theme="@style/Theme.6_LearnBroadcastReceiver" >
22-->src\main\AndroidManifest.xml:13:9-62
23        <receiver
23-->src\main\AndroidManifest.xml:14:9-22:20
24            android:name="com.bo.a6_learnbroadcastreceiver.AnotherBroadcastReceiver"
24-->src\main\AndroidManifest.xml:15:13-53
25            android:enabled="true"
25-->src\main\AndroidManifest.xml:16:13-35
26            android:exported="true" >
26-->src\main\AndroidManifest.xml:17:13-36
27            <intent-filter>
27-->src\main\AndroidManifest.xml:19:13-21:29
28                <action android:name="com.bo.a6_learnbroadcastreceiver.MY_BROADCAST" />
28-->src\main\AndroidManifest.xml:20:17-87
28-->src\main\AndroidManifest.xml:20:25-85
29            </intent-filter>
30        </receiver>
31
32        <!--
33        android:name指定具体注册哪一个BroadcastReceiver
34        android:enabled:是否启用这个广播接收器
35        android:exported:是否允许接收本程序以外的广播
36        -->
37        <receiver
37-->src\main\AndroidManifest.xml:30:9-48:20
38            android:name="com.bo.a6_learnbroadcastreceiver.BootCompleteReceiver"
38-->src\main\AndroidManifest.xml:31:13-49
39            android:enabled="true"
39-->src\main\AndroidManifest.xml:32:13-35
40            android:exported="true" >
40-->src\main\AndroidManifest.xml:33:13-36
41            <intent-filter>
41-->src\main\AndroidManifest.xml:34:13-38:29
42
43                <!-- 监听启动的时候 -->
44                <action android:name="android.intent.action.BOOT_COMPLETED" />
44-->src\main\AndroidManifest.xml:36:17-79
44-->src\main\AndroidManifest.xml:36:25-76
45                <!-- 只有行为是android.intent.action.BOOT_COMPLETED的意图才会被这个广播接收器接收 -->
46            </intent-filter>
47            <!--
48            但是Android API Level8 以上的时候，程序可以安装在SD卡上。如果程序安装在SD卡上，
49            那么在BOOT_COMPLETED广播发送之后，SD卡才会挂载，因此程序无法监听到该广播
50            所以我么需要同时监听开机和sd卡挂载。（也不能只监听挂载就认为开机了，因为有的手机没有sd卡）
51            -->
52            <intent-filter>
52-->src\main\AndroidManifest.xml:42:13-47:29
53                <action android:name="android.intent.action.MEDIA_MOUNTED" />
53-->src\main\AndroidManifest.xml:43:17-77
53-->src\main\AndroidManifest.xml:43:25-75
54                <action android:name="android.intent.action.MEDIA_UNMOUNTED" />
54-->src\main\AndroidManifest.xml:44:17-79
54-->src\main\AndroidManifest.xml:44:25-77
55
56                <data android:scheme="file" >
56-->src\main\AndroidManifest.xml:45:17-46:24
56-->src\main\AndroidManifest.xml:45:23-44
57                </data>
58            </intent-filter>
59        </receiver>
60        <receiver
60-->src\main\AndroidManifest.xml:50:9-58:20
61            android:name="com.bo.a6_learnbroadcastreceiver.MyBroadcastReceiver"
61-->src\main\AndroidManifest.xml:51:13-48
62            android:enabled="true"
62-->src\main\AndroidManifest.xml:52:13-35
63            android:exported="true" >
63-->src\main\AndroidManifest.xml:53:13-36
64            <intent-filter android:priority="100" >
64-->src\main\AndroidManifest.xml:19:13-21:29
64-->src\main\AndroidManifest.xml:54:28-50
65                <action android:name="com.bo.a6_learnbroadcastreceiver.MY_BROADCAST" />
65-->src\main\AndroidManifest.xml:20:17-87
65-->src\main\AndroidManifest.xml:20:25-85
66                <!-- 告诉接收器我们待会接收到"com.bo.a6_learnbroadcastreceiver.MY_BROADCAST"这样一条广播 -->
67            </intent-filter>
68        </receiver>
69        <!-- <intent-filter android:priority="100"是设置这个接收器的优先级，优先级高的先收到 -->
70
71        <activity
71-->src\main\AndroidManifest.xml:61:9-69:20
72            android:name="com.bo.a6_learnbroadcastreceiver.MainActivity"
72-->src\main\AndroidManifest.xml:62:13-41
73            android:exported="true" >
73-->src\main\AndroidManifest.xml:63:13-36
74            <intent-filter>
74-->src\main\AndroidManifest.xml:64:13-68:29
75                <action android:name="android.intent.action.MAIN" />
75-->src\main\AndroidManifest.xml:65:17-69
75-->src\main\AndroidManifest.xml:65:25-66
76
77                <category android:name="android.intent.category.LAUNCHER" />
77-->src\main\AndroidManifest.xml:67:17-77
77-->src\main\AndroidManifest.xml:67:27-74
78            </intent-filter>
79        </activity>
80    </application>
81
82</manifest>